(AS,p1,p2,r3,p3,q1,q2,q3,r1,r2)
0:(1,false,false,false,false,false,false,false,false,false)
1:(2,false,true,false,false,false,false,false,false,false)
2:(2,true,false,false,false,false,false,false,false,false)
3:(2,true,true,false,false,false,false,false,false,false)
4:(3,false,true,false,true,false,false,false,false,false)
5:(3,true,false,false,true,false,false,false,false,false)
6:(3,true,true,false,true,false,false,false,false,false)
7:(4,false,true,false,true,false,true,false,false,false)
8:(4,false,true,false,true,true,false,false,false,false)
9:(4,true,false,false,true,false,true,false,false,false)
10:(4,true,false,false,true,true,false,false,false,false)
11:(4,true,true,false,true,false,true,false,false,false)
12:(4,true,true,false,true,true,false,false,false,false)
13:(5,false,true,false,true,false,true,true,false,false)
14:(5,false,true,false,true,true,false,true,false,false)
15:(5,true,false,false,true,false,true,true,false,false)
16:(5,true,false,false,true,true,false,true,false,false)
17:(5,true,true,false,true,false,true,true,false,false)
18:(5,true,true,false,true,true,false,true,false,false)
19:(6,false,true,false,true,false,true,true,false,true)
20:(6,false,true,false,true,false,true,true,true,false)
21:(6,false,true,false,true,true,false,true,false,true)
22:(6,false,true,false,true,true,false,true,true,false)
23:(6,true,false,false,true,false,true,true,false,true)
24:(6,true,false,false,true,false,true,true,true,false)
25:(6,true,false,false,true,true,false,true,false,true)
26:(6,true,false,false,true,true,false,true,true,false)
27:(6,true,true,false,true,false,true,true,false,true)
28:(6,true,true,false,true,false,true,true,true,false)
29:(6,true,true,false,true,true,false,true,false,true)
30:(6,true,true,false,true,true,false,true,true,false)
31:(7,false,true,true,true,false,true,true,false,true)
32:(7,false,true,true,true,false,true,true,true,false)
33:(7,false,true,true,true,true,false,true,false,true)
34:(7,false,true,true,true,true,false,true,true,false)
35:(7,true,false,true,true,false,true,true,false,true)
36:(7,true,false,true,true,false,true,true,true,false)
37:(7,true,false,true,true,true,false,true,false,true)
38:(7,true,false,true,true,true,false,true,true,false)
39:(7,true,true,true,true,false,true,true,false,true)
40:(7,true,true,true,true,false,true,true,true,false)
41:(7,true,true,true,true,true,false,true,false,true)
42:(7,true,true,true,true,true,false,true,true,false)
